{"C:\\Users\\yunho\\projects\\fictioner\\src\\core\\Config.ts": {"path":"C:\\Users\\yunho\\projects\\fictioner\\src\\core\\Config.ts","statementMap":{"0":{"start":{"line":1,"column":0},"end":{"line":1,"column":29}},"1":{"start":{"line":2,"column":0},"end":{"line":2,"column":38}},"2":{"start":{"line":39,"column":45},"end":{"line":39,"column":59}},"3":{"start":{"line":40,"column":8},"end":{"line":67,"column":null}},"4":{"start":{"line":41,"column":12},"end":{"line":41,"column":50}},"5":{"start":{"line":42,"column":12},"end":{"line":42,"column":39}},"6":{"start":{"line":43,"column":12},"end":{"line":51,"column":14}},"7":{"start":{"line":52,"column":12},"end":{"line":52,"column":42}},"8":{"start":{"line":55,"column":12},"end":{"line":63,"column":null}},"9":{"start":{"line":57,"column":35},"end":{"line":59,"column":25}},"10":{"start":{"line":61,"column":34},"end":{"line":61,"column":85}},"11":{"start":{"line":62,"column":16},"end":{"line":62,"column":96}},"12":{"start":{"line":65,"column":33},"end":{"line":65,"column":87}},"13":{"start":{"line":66,"column":12},"end":{"line":66,"column":78}},"14":{"start":{"line":74,"column":8},"end":{"line":76,"column":null}},"15":{"start":{"line":75,"column":12},"end":{"line":75,"column":39}},"16":{"start":{"line":79,"column":8},"end":{"line":87,"column":null}},"17":{"start":{"line":80,"column":32},"end":{"line":82,"column":70}},"18":{"start":{"line":82,"column":61},"end":{"line":82,"column":69}},"19":{"start":{"line":84,"column":12},"end":{"line":86,"column":92}},"20":{"start":{"line":85,"column":26},"end":{"line":85,"column":41}},"21":{"start":{"line":86,"column":29},"end":{"line":86,"column":72}},"22":{"start":{"line":89,"column":8},"end":{"line":89,"column":22}},"23":{"start":{"line":94,"column":8},"end":{"line":94,"column":51}},"24":{"start":{"line":99,"column":8},"end":{"line":99,"column":76}},"25":{"start":{"line":99,"column":49},"end":{"line":99,"column":74}},"26":{"start":{"line":104,"column":8},"end":{"line":104,"column":74}},"27":{"start":{"line":104,"column":49},"end":{"line":104,"column":72}},"28":{"start":{"line":109,"column":8},"end":{"line":109,"column":40}},"29":{"start":{"line":34,"column":0},"end":{"line":34,"column":13}}},"fnMap":{"0":{"name":"(anonymous_6)","decl":{"start":{"line":39,"column":4},"end":{"line":39,"column":16}},"loc":{"start":{"line":39,"column":59},"end":{"line":68,"column":5}}},"1":{"name":"(anonymous_7)","decl":{"start":{"line":70,"column":12},"end":{"line":70,"column":31}},"loc":{"start":{"line":72,"column":32},"end":{"line":90,"column":5}}},"2":{"name":"(anonymous_8)","decl":{"start":{"line":82,"column":56},"end":{"line":82,"column":57}},"loc":{"start":{"line":82,"column":61},"end":{"line":82,"column":69}}},"3":{"name":"(anonymous_9)","decl":{"start":{"line":85,"column":21},"end":{"line":85,"column":22}},"loc":{"start":{"line":85,"column":26},"end":{"line":85,"column":41}}},"4":{"name":"(anonymous_10)","decl":{"start":{"line":86,"column":24},"end":{"line":86,"column":25}},"loc":{"start":{"line":86,"column":29},"end":{"line":86,"column":72}}},"5":{"name":"(anonymous_11)","decl":{"start":{"line":93,"column":4},"end":{"line":93,"column":16}},"loc":{"start":{"line":93,"column":16},"end":{"line":95,"column":5}}},"6":{"name":"(anonymous_12)","decl":{"start":{"line":98,"column":4},"end":{"line":98,"column":26}},"loc":{"start":{"line":98,"column":26},"end":{"line":100,"column":5}}},"7":{"name":"(anonymous_13)","decl":{"start":{"line":99,"column":42},"end":{"line":99,"column":45}},"loc":{"start":{"line":99,"column":49},"end":{"line":99,"column":74}}},"8":{"name":"(anonymous_14)","decl":{"start":{"line":103,"column":4},"end":{"line":103,"column":24}},"loc":{"start":{"line":103,"column":24},"end":{"line":105,"column":5}}},"9":{"name":"(anonymous_15)","decl":{"start":{"line":104,"column":42},"end":{"line":104,"column":45}},"loc":{"start":{"line":104,"column":49},"end":{"line":104,"column":72}}},"10":{"name":"(anonymous_16)","decl":{"start":{"line":108,"column":4},"end":{"line":108,"column":15}},"loc":{"start":{"line":108,"column":28},"end":{"line":110,"column":5}}}},"branchMap":{"0":{"loc":{"start":{"line":44,"column":16},"end":{"line":44,"column":62}},"type":"binary-expr","locations":[{"start":{"line":44,"column":16},"end":{"line":44,"column":38}},{"start":{"line":44,"column":42},"end":{"line":44,"column":62}}]},"1":{"loc":{"start":{"line":57,"column":35},"end":{"line":59,"column":25}},"type":"cond-expr","locations":[{"start":{"line":58,"column":22},"end":{"line":58,"column":38}},{"start":{"line":59,"column":22},"end":{"line":59,"column":25}}]},"2":{"loc":{"start":{"line":65,"column":33},"end":{"line":65,"column":87}},"type":"cond-expr","locations":[{"start":{"line":65,"column":58},"end":{"line":65,"column":71}},{"start":{"line":65,"column":74},"end":{"line":65,"column":87}}]},"3":{"loc":{"start":{"line":74,"column":8},"end":{"line":76,"column":null}},"type":"if","locations":[{"start":{"line":74,"column":8},"end":{"line":76,"column":null}}]},"4":{"loc":{"start":{"line":79,"column":8},"end":{"line":87,"column":null}},"type":"if","locations":[{"start":{"line":79,"column":8},"end":{"line":87,"column":null}}]},"5":{"loc":{"start":{"line":80,"column":32},"end":{"line":82,"column":70}},"type":"cond-expr","locations":[{"start":{"line":81,"column":18},"end":{"line":81,"column":32}},{"start":{"line":82,"column":18},"end":{"line":82,"column":70}}]}},"s":{"0":1,"1":1,"2":1,"3":1,"4":1,"5":1,"6":1,"7":1,"8":1,"9":2,"10":2,"11":2,"12":0,"13":0,"14":3,"15":0,"16":3,"17":2,"18":3,"19":2,"20":3,"21":3,"22":3,"23":4,"24":1,"25":2,"26":2,"27":4,"28":0,"29":1},"f":{"0":1,"1":3,"2":3,"3":3,"4":3,"5":4,"6":1,"7":2,"8":2,"9":4,"10":0},"b":{"0":[1,1],"1":[0,2],"2":[0,0],"3":[0],"4":[2],"5":[0,2]}}
,"C:\\Users\\yunho\\projects\\fictioner\\src\\core\\ContentFile.ts": {"path":"C:\\Users\\yunho\\projects\\fictioner\\src\\core\\ContentFile.ts","statementMap":{"0":{"start":{"line":1,"column":0},"end":{"line":1,"column":60}},"1":{"start":{"line":2,"column":0},"end":{"line":2,"column":34}},"2":{"start":{"line":10,"column":15},"end":{"line":10,"column":26}},"3":{"start":{"line":5,"column":4},"end":{"line":5,"column":37}},"4":{"start":{"line":6,"column":4},"end":{"line":6,"column":29}},"5":{"start":{"line":24,"column":33},"end":{"line":24,"column":65}},"6":{"start":{"line":25,"column":33},"end":{"line":25,"column":51}},"7":{"start":{"line":26,"column":35},"end":{"line":26,"column":47}},"8":{"start":{"line":27,"column":32},"end":{"line":27,"column":61}},"9":{"start":{"line":29,"column":26},"end":{"line":29,"column":28}},"10":{"start":{"line":30,"column":18},"end":{"line":30,"column":26}},"11":{"start":{"line":31,"column":18},"end":{"line":31,"column":20}},"12":{"start":{"line":32,"column":32},"end":{"line":32,"column":33}},"13":{"start":{"line":33,"column":52},"end":{"line":33,"column":54}},"14":{"start":{"line":36,"column":33},"end":{"line":36,"column":65}},"15":{"start":{"line":37,"column":8},"end":{"line":41,"column":null}},"16":{"start":{"line":38,"column":12},"end":{"line":38,"column":46}},"17":{"start":{"line":39,"column":12},"end":{"line":39,"column":75}},"18":{"start":{"line":40,"column":12},"end":{"line":40,"column":52}},"19":{"start":{"line":43,"column":8},"end":{"line":45,"column":null}},"20":{"start":{"line":44,"column":12},"end":{"line":44,"column":24}},"21":{"start":{"line":46,"column":20},"end":{"line":46,"column":35}},"22":{"start":{"line":47,"column":25},"end":{"line":47,"column":26}},"23":{"start":{"line":48,"column":36},"end":{"line":48,"column":37}},"24":{"start":{"line":51,"column":8},"end":{"line":88,"column":11}},"25":{"start":{"line":52,"column":38},"end":{"line":52,"column":50}},"26":{"start":{"line":55,"column":32},"end":{"line":60,"column":18}},"27":{"start":{"line":57,"column":36},"end":{"line":57,"column":76}},"28":{"start":{"line":58,"column":20},"end":{"line":58,"column":69}},"29":{"start":{"line":59,"column":20},"end":{"line":59,"column":30}},"30":{"start":{"line":63,"column":12},"end":{"line":65,"column":null}},"31":{"start":{"line":64,"column":16},"end":{"line":64,"column":23}},"32":{"start":{"line":68,"column":12},"end":{"line":68,"column":87}},"33":{"start":{"line":71,"column":12},"end":{"line":73,"column":15}},"34":{"start":{"line":72,"column":16},"end":{"line":72,"column":36}},"35":{"start":{"line":76,"column":12},"end":{"line":83,"column":null}},"36":{"start":{"line":77,"column":16},"end":{"line":77,"column":40}},"37":{"start":{"line":78,"column":16},"end":{"line":80,"column":null}},"38":{"start":{"line":79,"column":20},"end":{"line":79,"column":45}},"39":{"start":{"line":82,"column":16},"end":{"line":82,"column":42}},"40":{"start":{"line":86,"column":12},"end":{"line":86,"column":40}},"41":{"start":{"line":87,"column":12},"end":{"line":87,"column":68}},"42":{"start":{"line":89,"column":8},"end":{"line":89,"column":39}},"43":{"start":{"line":90,"column":8},"end":{"line":90,"column":65}},"44":{"start":{"line":95,"column":29},"end":{"line":95,"column":57}},"45":{"start":{"line":96,"column":8},"end":{"line":104,"column":null}},"46":{"start":{"line":97,"column":26},"end":{"line":97,"column":34}},"47":{"start":{"line":98,"column":30},"end":{"line":98,"column":51}},"48":{"start":{"line":99,"column":12},"end":{"line":103,"column":14}},"49":{"start":{"line":4,"column":0},"end":{"line":4,"column":13}}},"fnMap":{"0":{"name":"(anonymous_0)","decl":{"start":{"line":9,"column":4},"end":{"line":9,"column":null}},"loc":{"start":{"line":10,"column":26},"end":{"line":11,"column":5}}},"1":{"name":"(anonymous_1)","decl":{"start":{"line":23,"column":11},"end":{"line":23,"column":26}},"loc":{"start":{"line":23,"column":26},"end":{"line":91,"column":5}}},"2":{"name":"(anonymous_2)","decl":{"start":{"line":51,"column":22},"end":{"line":51,"column":23}},"loc":{"start":{"line":51,"column":43},"end":{"line":88,"column":9}}},"3":{"name":"(anonymous_3)","decl":{"start":{"line":56,"column":43},"end":{"line":56,"column":44}},"loc":{"start":{"line":56,"column":65},"end":{"line":60,"column":17}}},"4":{"name":"(anonymous_4)","decl":{"start":{"line":71,"column":67},"end":{"line":71,"column":68}},"loc":{"start":{"line":71,"column":77},"end":{"line":73,"column":13}}},"5":{"name":"(anonymous_5)","decl":{"start":{"line":93,"column":4},"end":{"line":93,"column":18}},"loc":{"start":{"line":93,"column":67},"end":{"line":105,"column":5}}}},"branchMap":{"0":{"loc":{"start":{"line":37,"column":8},"end":{"line":41,"column":null}},"type":"if","locations":[{"start":{"line":37,"column":8},"end":{"line":41,"column":null}}]},"1":{"loc":{"start":{"line":43,"column":8},"end":{"line":45,"column":null}},"type":"if","locations":[{"start":{"line":43,"column":8},"end":{"line":45,"column":null}}]},"2":{"loc":{"start":{"line":63,"column":12},"end":{"line":65,"column":null}},"type":"if","locations":[{"start":{"line":63,"column":12},"end":{"line":65,"column":null}}]},"3":{"loc":{"start":{"line":63,"column":16},"end":{"line":63,"column":52}},"type":"binary-expr","locations":[{"start":{"line":63,"column":16},"end":{"line":63,"column":30}},{"start":{"line":63,"column":34},"end":{"line":63,"column":52}}]},"4":{"loc":{"start":{"line":76,"column":12},"end":{"line":83,"column":null}},"type":"if","locations":[{"start":{"line":76,"column":12},"end":{"line":83,"column":null}},{"start":{"line":81,"column":19},"end":{"line":83,"column":null}}]},"5":{"loc":{"start":{"line":78,"column":16},"end":{"line":80,"column":null}},"type":"if","locations":[{"start":{"line":78,"column":16},"end":{"line":80,"column":null}}]}},"s":{"0":2,"1":2,"2":8,"3":8,"4":8,"5":8,"6":8,"7":8,"8":8,"9":8,"10":8,"11":8,"12":8,"13":8,"14":8,"15":8,"16":4,"17":4,"18":4,"19":8,"20":1,"21":8,"22":8,"23":8,"24":8,"25":64,"26":64,"27":10,"28":10,"29":10,"30":64,"31":1,"32":63,"33":63,"34":0,"35":63,"36":20,"37":20,"38":1,"39":43,"40":63,"41":63,"42":8,"43":8,"44":10,"45":10,"46":9,"47":9,"48":9,"49":2},"f":{"0":8,"1":8,"2":64,"3":10,"4":0,"5":10},"b":{"0":[4],"1":[1],"2":[1],"3":[64,14],"4":[20,43],"5":[1]}}
,"C:\\Users\\yunho\\projects\\fictioner\\src\\core\\ContentModel.ts": {"path":"C:\\Users\\yunho\\projects\\fictioner\\src\\core\\ContentModel.ts","statementMap":{"0":{"start":{"line":1,"column":0},"end":{"line":1,"column":61}},"1":{"start":{"line":3,"column":0},"end":{"line":3,"column":44}},"2":{"start":{"line":23,"column":21},"end":{"line":23,"column":43}},"3":{"start":{"line":24,"column":21},"end":{"line":24,"column":35}},"4":{"start":{"line":15,"column":10},"end":{"line":15,"column":43}},"5":{"start":{"line":16,"column":10},"end":{"line":16,"column":43}},"6":{"start":{"line":17,"column":9},"end":{"line":17,"column":39}},"7":{"start":{"line":18,"column":9},"end":{"line":18,"column":50}},"8":{"start":{"line":19,"column":10},"end":{"line":19,"column":35}},"9":{"start":{"line":20,"column":10},"end":{"line":20,"column":41}},"10":{"start":{"line":29,"column":18},"end":{"line":30,"column":34}},"11":{"start":{"line":30,"column":21},"end":{"line":30,"column":33}},"12":{"start":{"line":32,"column":4},"end":{"line":35,"column":8}},"13":{"start":{"line":33,"column":17},"end":{"line":33,"column":45}},"14":{"start":{"line":34,"column":6},"end":{"line":34,"column":35}},"15":{"start":{"line":37,"column":4},"end":{"line":37,"column":19}},"16":{"start":{"line":38,"column":4},"end":{"line":38,"column":25}},"17":{"start":{"line":42,"column":4},"end":{"line":42,"column":27}},"18":{"start":{"line":43,"column":4},"end":{"line":43,"column":31}},"19":{"start":{"line":44,"column":4},"end":{"line":44,"column":23}},"20":{"start":{"line":45,"column":4},"end":{"line":50,"column":null}},"21":{"start":{"line":46,"column":57},"end":{"line":46,"column":79}},"22":{"start":{"line":47,"column":6},"end":{"line":47,"column":51}},"23":{"start":{"line":48,"column":6},"end":{"line":48,"column":49}},"24":{"start":{"line":49,"column":6},"end":{"line":49,"column":56}},"25":{"start":{"line":54,"column":4},"end":{"line":54,"column":null}},"26":{"start":{"line":55,"column":4},"end":{"line":118,"column":7}},"27":{"start":{"line":58,"column":6},"end":{"line":110,"column":null}},"28":{"start":{"line":62,"column":10},"end":{"line":66,"column":null}},"29":{"start":{"line":63,"column":12},"end":{"line":63,"column":75}},"30":{"start":{"line":64,"column":12},"end":{"line":64,"column":37}},"31":{"start":{"line":65,"column":12},"end":{"line":65,"column":33}},"32":{"start":{"line":67,"column":10},"end":{"line":67,"column":16}},"33":{"start":{"line":70,"column":12},"end":{"line":74,"column":null}},"34":{"start":{"line":71,"column":14},"end":{"line":71,"column":60}},"35":{"start":{"line":72,"column":14},"end":{"line":72,"column":45}},"36":{"start":{"line":73,"column":14},"end":{"line":73,"column":33}},"37":{"start":{"line":75,"column":12},"end":{"line":79,"column":null}},"38":{"start":{"line":76,"column":14},"end":{"line":76,"column":76}},"39":{"start":{"line":77,"column":14},"end":{"line":77,"column":39}},"40":{"start":{"line":78,"column":14},"end":{"line":78,"column":33}},"41":{"start":{"line":81,"column":10},"end":{"line":81,"column":16}},"42":{"start":{"line":84,"column":12},"end":{"line":88,"column":null}},"43":{"start":{"line":85,"column":14},"end":{"line":85,"column":74}},"44":{"start":{"line":86,"column":14},"end":{"line":86,"column":52}},"45":{"start":{"line":87,"column":14},"end":{"line":87,"column":33}},"46":{"start":{"line":89,"column":12},"end":{"line":93,"column":null}},"47":{"start":{"line":90,"column":14},"end":{"line":90,"column":76}},"48":{"start":{"line":91,"column":14},"end":{"line":91,"column":55}},"49":{"start":{"line":92,"column":14},"end":{"line":92,"column":33}},"50":{"start":{"line":95,"column":10},"end":{"line":95,"column":16}},"51":{"start":{"line":98,"column":12},"end":{"line":102,"column":null}},"52":{"start":{"line":99,"column":14},"end":{"line":99,"column":74}},"53":{"start":{"line":100,"column":14},"end":{"line":100,"column":49}},"54":{"start":{"line":101,"column":14},"end":{"line":101,"column":33}},"55":{"start":{"line":103,"column":12},"end":{"line":107,"column":null}},"56":{"start":{"line":104,"column":14},"end":{"line":104,"column":60}},"57":{"start":{"line":105,"column":14},"end":{"line":105,"column":47}},"58":{"start":{"line":106,"column":14},"end":{"line":106,"column":33}},"59":{"start":{"line":109,"column":10},"end":{"line":109,"column":16}},"60":{"start":{"line":111,"column":6},"end":{"line":117,"column":null}},"61":{"start":{"line":112,"column":8},"end":{"line":116,"column":11}},"62":{"start":{"line":12,"column":0},"end":{"line":12,"column":13}}},"fnMap":{"0":{"name":"(anonymous_0)","decl":{"start":{"line":22,"column":2},"end":{"line":22,"column":null}},"loc":{"start":{"line":24,"column":35},"end":{"line":25,"column":3}}},"1":{"name":"(anonymous_1)","decl":{"start":{"line":27,"column":2},"end":{"line":27,"column":7}},"loc":{"start":{"line":27,"column":19},"end":{"line":39,"column":3}}},"2":{"name":"(anonymous_2)","decl":{"start":{"line":30,"column":12},"end":{"line":30,"column":17}},"loc":{"start":{"line":30,"column":21},"end":{"line":30,"column":33}}},"3":{"name":"(anonymous_3)","decl":{"start":{"line":32,"column":52},"end":{"line":32,"column":57}},"loc":{"start":{"line":32,"column":67},"end":{"line":35,"column":5}}},"4":{"name":"(anonymous_4)","decl":{"start":{"line":41,"column":2},"end":{"line":41,"column":9}},"loc":{"start":{"line":41,"column":9},"end":{"line":51,"column":3}}},"5":{"name":"(anonymous_5)","decl":{"start":{"line":53,"column":2},"end":{"line":53,"column":15}},"loc":{"start":{"line":53,"column":15},"end":{"line":119,"column":3}}},"6":{"name":"(anonymous_6)","decl":{"start":{"line":55,"column":30},"end":{"line":55,"column":31}},"loc":{"start":{"line":55,"column":45},"end":{"line":118,"column":5}}},"7":{"name":"(anonymous_7)","decl":{"start":{"line":62,"column":38},"end":{"line":62,"column":43}},"loc":{"start":{"line":63,"column":12},"end":{"line":63,"column":75}}},"8":{"name":"(anonymous_8)","decl":{"start":{"line":70,"column":55},"end":{"line":70,"column":60}},"loc":{"start":{"line":71,"column":14},"end":{"line":71,"column":60}}},"9":{"name":"(anonymous_9)","decl":{"start":{"line":75,"column":57},"end":{"line":75,"column":62}},"loc":{"start":{"line":76,"column":14},"end":{"line":76,"column":76}}},"10":{"name":"(anonymous_10)","decl":{"start":{"line":84,"column":56},"end":{"line":84,"column":61}},"loc":{"start":{"line":85,"column":14},"end":{"line":85,"column":74}}},"11":{"name":"(anonymous_11)","decl":{"start":{"line":89,"column":56},"end":{"line":89,"column":61}},"loc":{"start":{"line":90,"column":14},"end":{"line":90,"column":76}}},"12":{"name":"(anonymous_12)","decl":{"start":{"line":98,"column":56},"end":{"line":98,"column":61}},"loc":{"start":{"line":99,"column":14},"end":{"line":99,"column":74}}},"13":{"name":"(anonymous_13)","decl":{"start":{"line":103,"column":55},"end":{"line":103,"column":60}},"loc":{"start":{"line":104,"column":14},"end":{"line":104,"column":60}}}},"branchMap":{"0":{"loc":{"start":{"line":58,"column":6},"end":{"line":110,"column":null}},"type":"switch","locations":[{"start":{"line":59,"column":8},"end":{"line":67,"column":16}},{"start":{"line":68,"column":8},"end":{"line":81,"column":16}},{"start":{"line":82,"column":8},"end":{"line":95,"column":16}},{"start":{"line":96,"column":8},"end":{"line":109,"column":16}}]},"1":{"loc":{"start":{"line":62,"column":10},"end":{"line":66,"column":null}},"type":"if","locations":[{"start":{"line":62,"column":10},"end":{"line":66,"column":null}}]},"2":{"loc":{"start":{"line":63,"column":12},"end":{"line":63,"column":75}},"type":"binary-expr","locations":[{"start":{"line":63,"column":12},"end":{"line":63,"column":31}},{"start":{"line":63,"column":35},"end":{"line":63,"column":58}},{"start":{"line":63,"column":62},"end":{"line":63,"column":75}}]},"3":{"loc":{"start":{"line":70,"column":12},"end":{"line":74,"column":null}},"type":"if","locations":[{"start":{"line":70,"column":12},"end":{"line":74,"column":null}}]},"4":{"loc":{"start":{"line":71,"column":14},"end":{"line":71,"column":60}},"type":"binary-expr","locations":[{"start":{"line":71,"column":14},"end":{"line":71,"column":33}},{"start":{"line":71,"column":37},"end":{"line":71,"column":60}}]},"5":{"loc":{"start":{"line":75,"column":12},"end":{"line":79,"column":null}},"type":"if","locations":[{"start":{"line":75,"column":12},"end":{"line":79,"column":null}}]},"6":{"loc":{"start":{"line":76,"column":14},"end":{"line":76,"column":76}},"type":"binary-expr","locations":[{"start":{"line":76,"column":14},"end":{"line":76,"column":33}},{"start":{"line":76,"column":37},"end":{"line":76,"column":76}}]},"7":{"loc":{"start":{"line":84,"column":12},"end":{"line":88,"column":null}},"type":"if","locations":[{"start":{"line":84,"column":12},"end":{"line":88,"column":null}}]},"8":{"loc":{"start":{"line":85,"column":14},"end":{"line":85,"column":74}},"type":"binary-expr","locations":[{"start":{"line":85,"column":14},"end":{"line":85,"column":33}},{"start":{"line":85,"column":37},"end":{"line":85,"column":74}}]},"9":{"loc":{"start":{"line":89,"column":12},"end":{"line":93,"column":null}},"type":"if","locations":[{"start":{"line":89,"column":12},"end":{"line":93,"column":null}}]},"10":{"loc":{"start":{"line":90,"column":14},"end":{"line":90,"column":76}},"type":"binary-expr","locations":[{"start":{"line":90,"column":14},"end":{"line":90,"column":33}},{"start":{"line":90,"column":37},"end":{"line":90,"column":76}}]},"11":{"loc":{"start":{"line":98,"column":12},"end":{"line":102,"column":null}},"type":"if","locations":[{"start":{"line":98,"column":12},"end":{"line":102,"column":null}}]},"12":{"loc":{"start":{"line":99,"column":14},"end":{"line":99,"column":74}},"type":"binary-expr","locations":[{"start":{"line":99,"column":14},"end":{"line":99,"column":33}},{"start":{"line":99,"column":37},"end":{"line":99,"column":74}}]},"13":{"loc":{"start":{"line":103,"column":12},"end":{"line":107,"column":null}},"type":"if","locations":[{"start":{"line":103,"column":12},"end":{"line":107,"column":null}}]},"14":{"loc":{"start":{"line":104,"column":14},"end":{"line":104,"column":60}},"type":"binary-expr","locations":[{"start":{"line":104,"column":14},"end":{"line":104,"column":33}},{"start":{"line":104,"column":37},"end":{"line":104,"column":60}}]},"15":{"loc":{"start":{"line":111,"column":6},"end":{"line":117,"column":null}},"type":"if","locations":[{"start":{"line":111,"column":6},"end":{"line":117,"column":null}}]}},"s":{"0":1,"1":1,"2":1,"3":1,"4":1,"5":1,"6":1,"7":1,"8":1,"9":1,"10":1,"11":1,"12":1,"13":6,"14":6,"15":1,"16":1,"17":1,"18":1,"19":1,"20":1,"21":6,"22":6,"23":6,"24":6,"25":1,"26":1,"27":9,"28":7,"29":63,"30":7,"31":7,"32":7,"33":1,"34":0,"35":0,"36":0,"37":1,"38":7,"39":0,"40":0,"41":1,"42":0,"43":0,"44":0,"45":0,"46":0,"47":0,"48":0,"49":0,"50":0,"51":1,"52":1,"53":0,"54":0,"55":1,"56":7,"57":0,"58":0,"59":1,"60":9,"61":7,"62":1},"f":{"0":1,"1":1,"2":1,"3":6,"4":1,"5":1,"6":9,"7":63,"8":0,"9":7,"10":0,"11":0,"12":1,"13":7},"b":{"0":[7,1,0,1],"1":[7],"2":[63,7,7],"3":[0],"4":[0,0],"5":[0],"6":[7,1],"7":[0],"8":[0,0],"9":[0],"10":[0,0],"11":[0],"12":[1,1],"13":[0],"14":[7,1],"15":[7]}}
,"C:\\Users\\yunho\\projects\\fictioner\\src\\core\\Document.ts": {"path":"C:\\Users\\yunho\\projects\\fictioner\\src\\core\\Document.ts","statementMap":{"0":{"start":{"line":1,"column":0},"end":{"line":1,"column":46}},"1":{"start":{"line":4,"column":0},"end":{"line":4,"column":24}},"2":{"start":{"line":23,"column":16},"end":{"line":23,"column":30}},"3":{"start":{"line":25,"column":8},"end":{"line":25,"column":25}},"4":{"start":{"line":26,"column":8},"end":{"line":26,"column":63}},"5":{"start":{"line":27,"column":8},"end":{"line":27,"column":38}},"6":{"start":{"line":28,"column":8},"end":{"line":28,"column":70}},"7":{"start":{"line":29,"column":8},"end":{"line":29,"column":76}},"8":{"start":{"line":30,"column":8},"end":{"line":30,"column":69}},"9":{"start":{"line":31,"column":8},"end":{"line":31,"column":78}},"10":{"start":{"line":32,"column":8},"end":{"line":32,"column":66}},"11":{"start":{"line":36,"column":8},"end":{"line":36,"column":53}},"12":{"start":{"line":37,"column":8},"end":{"line":37,"column":39}},"13":{"start":{"line":38,"column":8},"end":{"line":38,"column":26}},"14":{"start":{"line":43,"column":8},"end":{"line":43,"column":82}},"15":{"start":{"line":48,"column":28},"end":{"line":48,"column":40}},"16":{"start":{"line":49,"column":27},"end":{"line":49,"column":52}},"17":{"start":{"line":50,"column":28},"end":{"line":50,"column":81}},"18":{"start":{"line":51,"column":27},"end":{"line":51,"column":52}},"19":{"start":{"line":54,"column":23},"end":{"line":60,"column":56}},"20":{"start":{"line":63,"column":8},"end":{"line":65,"column":null}},"21":{"start":{"line":64,"column":12},"end":{"line":64,"column":47}},"22":{"start":{"line":67,"column":8},"end":{"line":67,"column":24}},"23":{"start":{"line":71,"column":8},"end":{"line":71,"column":48}},"24":{"start":{"line":8,"column":0},"end":{"line":8,"column":13}}},"fnMap":{"0":{"name":"(anonymous_1)","decl":{"start":{"line":19,"column":4},"end":{"line":19,"column":null}},"loc":{"start":{"line":23,"column":30},"end":{"line":33,"column":5}}},"1":{"name":"(anonymous_2)","decl":{"start":{"line":35,"column":4},"end":{"line":35,"column":9}},"loc":{"start":{"line":35,"column":21},"end":{"line":39,"column":5}}},"2":{"name":"(anonymous_3)","decl":{"start":{"line":42,"column":4},"end":{"line":42,"column":17}},"loc":{"start":{"line":42,"column":17},"end":{"line":44,"column":5}}},"3":{"name":"(anonymous_4)","decl":{"start":{"line":47,"column":4},"end":{"line":47,"column":19}},"loc":{"start":{"line":47,"column":65},"end":{"line":68,"column":5}}},"4":{"name":"(anonymous_5)","decl":{"start":{"line":70,"column":12},"end":{"line":70,"column":22}},"loc":{"start":{"line":70,"column":33},"end":{"line":72,"column":5}}}},"branchMap":{"0":{"loc":{"start":{"line":26,"column":20},"end":{"line":26,"column":62}},"type":"binary-expr","locations":[{"start":{"line":26,"column":20},"end":{"line":26,"column":31}},{"start":{"line":26,"column":35},"end":{"line":26,"column":48}},{"start":{"line":26,"column":52},"end":{"line":26,"column":62}}]},"1":{"loc":{"start":{"line":28,"column":23},"end":{"line":28,"column":69}},"type":"binary-expr","locations":[{"start":{"line":28,"column":23},"end":{"line":28,"column":37}},{"start":{"line":28,"column":41},"end":{"line":28,"column":57}},{"start":{"line":28,"column":61},"end":{"line":28,"column":69}}]},"2":{"loc":{"start":{"line":29,"column":23},"end":{"line":29,"column":75}},"type":"binary-expr","locations":[{"start":{"line":29,"column":23},"end":{"line":29,"column":36}},{"start":{"line":29,"column":40},"end":{"line":29,"column":55}},{"start":{"line":29,"column":59},"end":{"line":29,"column":75}}]},"3":{"loc":{"start":{"line":31,"column":22},"end":{"line":31,"column":77}},"type":"binary-expr","locations":[{"start":{"line":31,"column":22},"end":{"line":31,"column":35}},{"start":{"line":31,"column":39},"end":{"line":31,"column":54}},{"start":{"line":31,"column":58},"end":{"line":31,"column":77}}]},"4":{"loc":{"start":{"line":47,"column":42},"end":{"line":47,"column":65}},"type":"default-arg","locations":[{"start":{"line":47,"column":55},"end":{"line":47,"column":65}}]},"5":{"loc":{"start":{"line":63,"column":8},"end":{"line":65,"column":null}},"type":"if","locations":[{"start":{"line":63,"column":8},"end":{"line":65,"column":null}}]}},"s":{"0":1,"1":1,"2":4,"3":4,"4":4,"5":4,"6":4,"7":4,"8":4,"9":4,"10":4,"11":1,"12":1,"13":1,"14":0,"15":0,"16":0,"17":0,"18":0,"19":0,"20":0,"21":0,"22":0,"23":0,"24":1},"f":{"0":4,"1":1,"2":0,"3":0,"4":0},"b":{"0":[4,2,2],"1":[4,1,1],"2":[4,1,1],"3":[4,1,1],"4":[0],"5":[0]}}
,"C:\\Users\\yunho\\projects\\fictioner\\src\\core\\SemanticTag.ts": {"path":"C:\\Users\\yunho\\projects\\fictioner\\src\\core\\SemanticTag.ts","statementMap":{"0":{"start":{"line":3,"column":0},"end":{"line":3,"column":null}},"1":{"start":{"line":4,"column":4},"end":{"line":4,"column":null}},"2":{"start":{"line":5,"column":4},"end":{"line":5,"column":null}},"3":{"start":{"line":6,"column":4},"end":{"line":6,"column":null}},"4":{"start":{"line":7,"column":4},"end":{"line":7,"column":null}},"5":{"start":{"line":16,"column":15},"end":{"line":16,"column":33}},"6":{"start":{"line":18,"column":8},"end":{"line":30,"column":null}},"7":{"start":{"line":19,"column":12},"end":{"line":19,"column":47}},"8":{"start":{"line":20,"column":12},"end":{"line":20,"column":59}},"9":{"start":{"line":21,"column":15},"end":{"line":30,"column":null}},"10":{"start":{"line":22,"column":12},"end":{"line":22,"column":52}},"11":{"start":{"line":23,"column":12},"end":{"line":23,"column":59}},"12":{"start":{"line":24,"column":15},"end":{"line":30,"column":null}},"13":{"start":{"line":25,"column":12},"end":{"line":25,"column":49}},"14":{"start":{"line":26,"column":12},"end":{"line":26,"column":59}},"15":{"start":{"line":28,"column":12},"end":{"line":28,"column":49}},"16":{"start":{"line":29,"column":12},"end":{"line":29,"column":41}},"17":{"start":{"line":10,"column":0},"end":{"line":10,"column":13}}},"fnMap":{"0":{"name":"(anonymous_0)","decl":{"start":{"line":3,"column":0},"end":{"line":3,"column":12}},"loc":{"start":{"line":3,"column":27},"end":{"line":8,"column":1}}},"1":{"name":"(anonymous_1)","decl":{"start":{"line":15,"column":4},"end":{"line":15,"column":null}},"loc":{"start":{"line":17,"column":21},"end":{"line":31,"column":5}}}},"branchMap":{"0":{"loc":{"start":{"line":3,"column":12},"end":{"line":3,"column":null}},"type":"binary-expr","locations":[{"start":{"line":3,"column":12},"end":{"line":3,"column":27}},{"start":{"line":3,"column":12},"end":{"line":3,"column":null}}]},"1":{"loc":{"start":{"line":18,"column":8},"end":{"line":30,"column":null}},"type":"if","locations":[{"start":{"line":18,"column":8},"end":{"line":30,"column":null}},{"start":{"line":21,"column":15},"end":{"line":30,"column":null}}]},"2":{"loc":{"start":{"line":21,"column":15},"end":{"line":30,"column":null}},"type":"if","locations":[{"start":{"line":21,"column":15},"end":{"line":30,"column":null}},{"start":{"line":24,"column":15},"end":{"line":30,"column":null}}]},"3":{"loc":{"start":{"line":24,"column":15},"end":{"line":30,"column":null}},"type":"if","locations":[{"start":{"line":24,"column":15},"end":{"line":30,"column":null}},{"start":{"line":27,"column":15},"end":{"line":30,"column":null}}]}},"s":{"0":2,"1":2,"2":2,"3":2,"4":2,"5":9,"6":9,"7":1,"8":1,"9":8,"10":0,"11":0,"12":8,"13":1,"14":1,"15":7,"16":7,"17":2},"f":{"0":2,"1":9},"b":{"0":[2,2],"1":[1,8],"2":[0,8],"3":[1,7]}}
,"C:\\Users\\yunho\\projects\\fictioner\\src\\core\\types.ts": {"path":"C:\\Users\\yunho\\projects\\fictioner\\src\\core\\types.ts","statementMap":{"0":{"start":{"line":5,"column":15},"end":{"line":5,"column":32}},"1":{"start":{"line":6,"column":15},"end":{"line":6,"column":32}},"2":{"start":{"line":7,"column":15},"end":{"line":7,"column":37}},"3":{"start":{"line":8,"column":15},"end":{"line":8,"column":30}},"4":{"start":{"line":9,"column":15},"end":{"line":9,"column":35}},"5":{"start":{"line":3,"column":0},"end":{"line":3,"column":13}}},"fnMap":{"0":{"name":"(anonymous_0)","decl":{"start":{"line":4,"column":4},"end":{"line":4,"column":null}},"loc":{"start":{"line":9,"column":35},"end":{"line":10,"column":5}}}},"branchMap":{},"s":{"0":9,"1":9,"2":9,"3":9,"4":9,"5":2},"f":{"0":9},"b":{}}
,"C:\\Users\\yunho\\projects\\fictioner\\src\\exporters\\DocxExporter.ts": {"path":"C:\\Users\\yunho\\projects\\fictioner\\src\\exporters\\DocxExporter.ts","statementMap":{"0":{"start":{"line":4,"column":18},"end":{"line":4,"column":61}},"1":{"start":{"line":5,"column":4},"end":{"line":7,"column":null}},"2":{"start":{"line":6,"column":8},"end":{"line":6,"column":20}},"3":{"start":{"line":9,"column":17},"end":{"line":9,"column":39}},"4":{"start":{"line":10,"column":19},"end":{"line":10,"column":41}},"5":{"start":{"line":11,"column":20},"end":{"line":11,"column":33}},"6":{"start":{"line":13,"column":4},"end":{"line":17,"column":6}},"7":{"start":{"line":21,"column":18},"end":{"line":21,"column":34}},"8":{"start":{"line":22,"column":4},"end":{"line":45,"column":null}},"9":{"start":{"line":23,"column":27},"end":{"line":31,"column":10}},"10":{"start":{"line":33,"column":8},"end":{"line":33,"column":32}},"11":{"start":{"line":35,"column":8},"end":{"line":37,"column":null}},"12":{"start":{"line":36,"column":12},"end":{"line":36,"column":76}},"13":{"start":{"line":39,"column":28},"end":{"line":39,"column":58}},"14":{"start":{"line":40,"column":8},"end":{"line":42,"column":null}},"15":{"start":{"line":41,"column":12},"end":{"line":41,"column":30}},"16":{"start":{"line":44,"column":8},"end":{"line":44,"column":59}},"17":{"start":{"line":20,"column":0},"end":{"line":20,"column":7}}},"fnMap":{"0":{"name":"parsePandocError","decl":{"start":{"line":3,"column":9},"end":{"line":3,"column":25}},"loc":{"start":{"line":3,"column":40},"end":{"line":18,"column":1}}},"1":{"name":"exportToDocx","decl":{"start":{"line":20,"column":22},"end":{"line":20,"column":34}},"loc":{"start":{"line":20,"column":46},"end":{"line":46,"column":1}}}},"branchMap":{"0":{"loc":{"start":{"line":5,"column":4},"end":{"line":7,"column":null}},"type":"if","locations":[{"start":{"line":5,"column":4},"end":{"line":7,"column":null}}]},"1":{"loc":{"start":{"line":35,"column":8},"end":{"line":37,"column":null}},"type":"if","locations":[{"start":{"line":35,"column":8},"end":{"line":37,"column":null}}]},"2":{"loc":{"start":{"line":40,"column":8},"end":{"line":42,"column":null}},"type":"if","locations":[{"start":{"line":40,"column":8},"end":{"line":42,"column":null}}]}},"s":{"0":0,"1":0,"2":0,"3":0,"4":0,"5":0,"6":0,"7":1,"8":1,"9":1,"10":1,"11":0,"12":0,"13":0,"14":0,"15":0,"16":0,"17":1},"f":{"0":0,"1":1},"b":{"0":[0],"1":[0],"2":[0]}}
}
