TN:
SF:src\core\Config.ts
FN:39,(anonymous_6)
FN:70,(anonymous_7)
FN:82,(anonymous_8)
FN:85,(anonymous_9)
FN:86,(anonymous_10)
FN:93,(anonymous_11)
FN:98,(anonymous_12)
FN:99,(anonymous_13)
FN:103,(anonymous_14)
FN:104,(anonymous_15)
FN:108,(anonymous_16)
FNF:11
FNH:10
FNDA:1,(anonymous_6)
FNDA:3,(anonymous_7)
FNDA:3,(anonymous_8)
FNDA:3,(anonymous_9)
FNDA:3,(anonymous_10)
FNDA:4,(anonymous_11)
FNDA:1,(anonymous_12)
FNDA:2,(anonymous_13)
FNDA:2,(anonymous_14)
FNDA:4,(anonymous_15)
FNDA:0,(anonymous_16)
DA:1,1
DA:2,1
DA:34,1
DA:39,1
DA:40,1
DA:41,1
DA:42,1
DA:43,1
DA:52,1
DA:55,1
DA:57,2
DA:61,2
DA:62,2
DA:65,0
DA:66,0
DA:74,3
DA:75,0
DA:79,3
DA:80,2
DA:82,3
DA:84,2
DA:85,3
DA:86,3
DA:89,3
DA:94,4
DA:99,2
DA:104,4
DA:109,0
LF:28
LH:24
BRDA:44,0,0,1
BRDA:44,0,1,1
BRDA:57,1,0,0
BRDA:57,1,1,2
BRDA:65,2,0,0
BRDA:65,2,1,0
BRDA:74,3,0,0
BRDA:79,4,0,2
BRDA:80,5,0,0
BRDA:80,5,1,2
BRF:10
BRH:5
end_of_record
TN:
SF:src\core\ContentFile.ts
FN:9,(anonymous_0)
FN:23,(anonymous_1)
FN:51,(anonymous_2)
FN:56,(anonymous_3)
FN:71,(anonymous_4)
FN:93,(anonymous_5)
FNF:6
FNH:5
FNDA:8,(anonymous_0)
FNDA:8,(anonymous_1)
FNDA:64,(anonymous_2)
FNDA:10,(anonymous_3)
FNDA:0,(anonymous_4)
FNDA:10,(anonymous_5)
DA:1,2
DA:2,2
DA:4,2
DA:5,8
DA:6,8
DA:10,8
DA:24,8
DA:25,8
DA:26,8
DA:27,8
DA:29,8
DA:30,8
DA:31,8
DA:32,8
DA:33,8
DA:36,8
DA:37,8
DA:38,4
DA:39,4
DA:40,4
DA:43,8
DA:44,1
DA:46,8
DA:47,8
DA:48,8
DA:51,8
DA:52,64
DA:55,64
DA:57,10
DA:58,10
DA:59,10
DA:63,64
DA:64,1
DA:68,63
DA:71,63
DA:72,0
DA:76,63
DA:77,20
DA:78,20
DA:79,1
DA:82,43
DA:86,63
DA:87,63
DA:89,8
DA:90,8
DA:95,10
DA:96,10
DA:97,9
DA:98,9
DA:99,9
LF:50
LH:49
BRDA:37,0,0,4
BRDA:43,1,0,1
BRDA:63,2,0,1
BRDA:63,3,0,64
BRDA:63,3,1,14
BRDA:76,4,0,20
BRDA:76,4,1,43
BRDA:78,5,0,1
BRF:8
BRH:8
end_of_record
TN:
SF:src\core\ContentModel.ts
FN:22,(anonymous_0)
FN:27,(anonymous_1)
FN:30,(anonymous_2)
FN:32,(anonymous_3)
FN:41,(anonymous_4)
FN:53,(anonymous_5)
FN:55,(anonymous_6)
FN:62,(anonymous_7)
FN:70,(anonymous_8)
FN:75,(anonymous_9)
FN:84,(anonymous_10)
FN:89,(anonymous_11)
FN:98,(anonymous_12)
FN:103,(anonymous_13)
FNF:14
FNH:11
FNDA:1,(anonymous_0)
FNDA:1,(anonymous_1)
FNDA:1,(anonymous_2)
FNDA:6,(anonymous_3)
FNDA:1,(anonymous_4)
FNDA:1,(anonymous_5)
FNDA:9,(anonymous_6)
FNDA:63,(anonymous_7)
FNDA:0,(anonymous_8)
FNDA:7,(anonymous_9)
FNDA:0,(anonymous_10)
FNDA:0,(anonymous_11)
FNDA:1,(anonymous_12)
FNDA:7,(anonymous_13)
DA:1,1
DA:3,1
DA:12,1
DA:15,1
DA:16,1
DA:17,1
DA:18,1
DA:19,1
DA:20,1
DA:23,1
DA:24,1
DA:29,1
DA:30,1
DA:32,1
DA:33,6
DA:34,6
DA:37,1
DA:38,1
DA:42,1
DA:43,1
DA:44,1
DA:45,1
DA:46,6
DA:47,6
DA:48,6
DA:49,6
DA:54,1
DA:55,1
DA:58,9
DA:62,7
DA:63,63
DA:64,7
DA:65,7
DA:67,7
DA:70,1
DA:71,0
DA:72,0
DA:73,0
DA:75,1
DA:76,7
DA:77,0
DA:78,0
DA:81,1
DA:84,0
DA:85,0
DA:86,0
DA:87,0
DA:89,0
DA:90,0
DA:91,0
DA:92,0
DA:95,0
DA:98,1
DA:99,1
DA:100,0
DA:101,0
DA:103,1
DA:104,7
DA:105,0
DA:106,0
DA:109,1
DA:111,9
DA:112,7
LF:63
LH:45
BRDA:58,0,0,7
BRDA:58,0,1,1
BRDA:58,0,2,0
BRDA:58,0,3,1
BRDA:62,1,0,7
BRDA:63,2,0,63
BRDA:63,2,1,7
BRDA:63,2,2,7
BRDA:70,3,0,0
BRDA:71,4,0,0
BRDA:71,4,1,0
BRDA:75,5,0,0
BRDA:76,6,0,7
BRDA:76,6,1,1
BRDA:84,7,0,0
BRDA:85,8,0,0
BRDA:85,8,1,0
BRDA:89,9,0,0
BRDA:90,10,0,0
BRDA:90,10,1,0
BRDA:98,11,0,0
BRDA:99,12,0,1
BRDA:99,12,1,1
BRDA:103,13,0,0
BRDA:104,14,0,7
BRDA:104,14,1,1
BRDA:111,15,0,7
BRF:27
BRH:14
end_of_record
TN:
SF:src\core\Document.ts
FN:19,(anonymous_1)
FN:35,(anonymous_2)
FN:42,(anonymous_3)
FN:47,(anonymous_4)
FN:70,(anonymous_5)
FNF:5
FNH:2
FNDA:4,(anonymous_1)
FNDA:1,(anonymous_2)
FNDA:0,(anonymous_3)
FNDA:0,(anonymous_4)
FNDA:0,(anonymous_5)
DA:1,1
DA:4,1
DA:8,1
DA:23,4
DA:25,4
DA:26,4
DA:27,4
DA:28,4
DA:29,4
DA:30,4
DA:31,4
DA:32,4
DA:36,1
DA:37,1
DA:38,1
DA:43,0
DA:48,0
DA:49,0
DA:50,0
DA:51,0
DA:54,0
DA:63,0
DA:64,0
DA:67,0
DA:71,0
LF:25
LH:15
BRDA:26,0,0,4
BRDA:26,0,1,2
BRDA:26,0,2,2
BRDA:28,1,0,4
BRDA:28,1,1,1
BRDA:28,1,2,1
BRDA:29,2,0,4
BRDA:29,2,1,1
BRDA:29,2,2,1
BRDA:31,3,0,4
BRDA:31,3,1,1
BRDA:31,3,2,1
BRDA:47,4,0,0
BRDA:63,5,0,0
BRF:14
BRH:12
end_of_record
TN:
SF:src\core\SemanticTag.ts
FN:3,(anonymous_0)
FN:15,(anonymous_1)
FNF:2
FNH:2
FNDA:2,(anonymous_0)
FNDA:9,(anonymous_1)
DA:3,2
DA:4,2
DA:5,2
DA:6,2
DA:7,2
DA:10,2
DA:16,9
DA:18,9
DA:19,1
DA:20,1
DA:21,8
DA:22,0
DA:23,0
DA:24,8
DA:25,1
DA:26,1
DA:28,7
DA:29,7
LF:18
LH:16
BRDA:3,0,0,2
BRDA:3,0,1,2
BRDA:18,1,0,1
BRDA:18,1,1,8
BRDA:21,2,0,0
BRDA:21,2,1,8
BRDA:24,3,0,1
BRDA:24,3,1,7
BRF:8
BRH:7
end_of_record
TN:
SF:src\core\types.ts
FN:4,(anonymous_0)
FNF:1
FNH:1
FNDA:9,(anonymous_0)
DA:3,2
DA:5,9
DA:6,9
DA:7,9
DA:8,9
DA:9,9
LF:6
LH:6
BRF:0
BRH:0
end_of_record
TN:
SF:src\exporters\DocxExporter.ts
FN:3,parsePandocError
FN:20,exportToDocx
FNF:2
FNH:1
FNDA:0,parsePandocError
FNDA:1,exportToDocx
DA:4,0
DA:5,0
DA:6,0
DA:9,0
DA:10,0
DA:11,0
DA:13,0
DA:20,1
DA:21,1
DA:22,1
DA:23,1
DA:33,1
DA:35,0
DA:36,0
DA:39,0
DA:40,0
DA:41,0
DA:44,0
LF:18
LH:5
BRDA:5,0,0,0
BRDA:35,1,0,0
BRDA:40,2,0,0
BRF:3
BRH:0
end_of_record
